[INFO] 00:12:58 ts-node-dev ver. 2.0.0 (using ts-node ver. 10.9.2, typescript ver. 5.9.3)
[32minfo[39m: SafeCommute backend running on port 3000 {"timestamp":"2026-06-21T23:13:02.236Z"}
Executing (default): DELETE FROM "trips" WHERE "expires_at" < '2026-06-21 23:13:02.229 +00:00'
Executing (default): DELETE FROM "contacts" WHERE "deleted_at" < '2026-06-14 23:13:05.046 +00:00'
Executing (default): DELETE FROM "audit_logs" WHERE "created_at" < '2026-05-22 23:13:05.189 +00:00'
(sequelize) Warning: Model "AuditLog" is declaring public class fields for attribute(s): "id", "user_id", "event_type", "event_data", "ip_address", "user_agent", "created_at".
These class fields are shadowing Sequelize's attribute getters & setters.
See https://sequelize.org/main/manual/model-basics.html#caveat-with-public-class-fields
Executing (default): INSERT INTO "audit_logs" ("id","user_id","event_type","event_data","ip_address","user_agent","created_at") VALUES (DEFAULT,$1,$2,$3,$4,$5,$6) RETURNING "id","user_id","event_type","event_data","ip_address","user_agent","created_at";
[32minfo[39m: Audit Event: signup {"eventData":{"email":"pinaoweijessica@yahoo.com","name":"Jessica Pinaowei"},"ipAddress":"::1","timestamp":"2026-06-22T10:15:33.800Z","userAgent":"Mozilla/5.0 (Windows NT 10.0; Win64; x64) AppleWebKit/537.36 (KHTML, like Gecko) Chrome/149.0.0.0 Safari/537.36 Edg/149.0.0.0","userId":"e6976176-d0bb-4c3d-af5e-0e3fd1d8bffa"}
Executing (default): INSERT INTO "audit_logs" ("id","user_id","event_type","event_data","ip_address","user_agent","created_at") VALUES (DEFAULT,$1,$2,$3,$4,$5,$6) RETURNING "id","user_id","event_type","event_data","ip_address","user_agent","created_at";
[32minfo[39m: Audit Event: signup {"eventData":{"email":"testflow_1782123710019@example.com","name":"Test User"},"ipAddress":"::1","timestamp":"2026-06-22T10:21:51.981Z","userAgent":"node","userId":"bedf755a-06c2-44aa-a773-c8c82e407738"}
[INFO] 11:22:51 Restarting: C:\Users\Peter\Desktop\SafeCommute\backend\src\middleware\authenticate.ts has been modified
Error: listen EADDRINUSE: address already in use :::3000
    at Server.setupListenHandle [as _listen2] (node:net:2009:16)
    at listenInCluster (node:net:2066:12)
    at Server.listen (node:net:2171:7)
    at Object.<anonymous> (C:\Users\Peter\Desktop\SafeCommute\backend\src\app.ts:73:12)
    at Module.<anonymous> (node:internal/modules/cjs/loader:1854:14)
    at Module._compile (C:\Users\Peter\Desktop\SafeCommute\backend\node_modules\source-map-support\source-map-support.js:521:25)
    at Module.m._compile (C:\Users\Peter\AppData\Local\Temp\ts-node-dev-hook-23687168740062348.js:69:33)
    at node:internal/modules/cjs/loader:1985:10
    at require.extensions..jsx.require.extensions..js (C:\Users\Peter\AppData\Local\Temp\ts-node-dev-hook-23687168740062348.js:114:20)
    at require.extensions.<computed> (C:\Users\Peter\AppData\Local\Temp\ts-node-dev-hook-23687168740062348.js:71:20)
[ERROR] 11:22:59 Error: listen EADDRINUSE: address already in use :::3000
[INFO] 13:02:21 Restarting: C:\Users\Peter\Desktop\SafeCommute\backend\src\middleware\authenticate.ts has been modified
Error: listen EADDRINUSE: address already in use :::3000
    at Server.setupListenHandle [as _listen2] (node:net:2009:16)
    at listenInCluster (node:net:2066:12)
    at Server.listen (node:net:2171:7)
    at Object.<anonymous> (C:\Users\Peter\Desktop\SafeCommute\backend\src\app.ts:73:12)
    at Module.<anonymous> (node:internal/modules/cjs/loader:1854:14)
    at Module._compile (C:\Users\Peter\Desktop\SafeCommute\backend\node_modules\source-map-support\source-map-support.js:521:25)
    at Module.m._compile (C:\Users\Peter\AppData\Local\Temp\ts-node-dev-hook-23687168740062348.js:69:33)
    at node:internal/modules/cjs/loader:1985:10
    at require.extensions..jsx.require.extensions..js (C:\Users\Peter\AppData\Local\Temp\ts-node-dev-hook-23687168740062348.js:114:20)
    at require.extensions.<computed> (C:\Users\Peter\AppData\Local\Temp\ts-node-dev-hook-23687168740062348.js:71:20)
[ERROR] 13:02:32 Error: listen EADDRINUSE: address already in use :::3000
[INFO] 22:59:34 Restarting: C:\Users\Peter\Desktop\SafeCommute\backend\src\services\encryption.service.ts has been modified
Error: listen EADDRINUSE: address already in use :::3000
    at Server.setupListenHandle [as _listen2] (node:net:2009:16)
    at listenInCluster (node:net:2066:12)
    at Server.listen (node:net:2171:7)
    at Object.<anonymous> (C:\Users\Peter\Desktop\SafeCommute\backend\src\app.ts:73:12)
    at Module.<anonymous> (node:internal/modules/cjs/loader:1854:14)
    at Module._compile (C:\Users\Peter\Desktop\SafeCommute\backend\node_modules\source-map-support\source-map-support.js:521:25)
    at Module.m._compile (C:\Users\Peter\AppData\Local\Temp\ts-node-dev-hook-23687168740062348.js:69:33)
    at node:internal/modules/cjs/loader:1985:10
    at require.extensions..jsx.require.extensions..js (C:\Users\Peter\AppData\Local\Temp\ts-node-dev-hook-23687168740062348.js:114:20)
    at require.extensions.<computed> (C:\Users\Peter\AppData\Local\Temp\ts-node-dev-hook-23687168740062348.js:71:20)
[ERROR] 22:59:42 Error: listen EADDRINUSE: address already in use :::3000
[INFO] 22:59:56 Restarting: C:\Users\Peter\Desktop\SafeCommute\backend\src\services\encryption.service.ts has been modified
Error: listen EADDRINUSE: address already in use :::3000
    at Server.setupListenHandle [as _listen2] (node:net:2009:16)
    at listenInCluster (node:net:2066:12)
    at Server.listen (node:net:2171:7)
    at Object.<anonymous> (C:\Users\Peter\Desktop\SafeCommute\backend\src\app.ts:73:12)
    at Module.<anonymous> (node:internal/modules/cjs/loader:1854:14)
    at Module._compile (C:\Users\Peter\Desktop\SafeCommute\backend\node_modules\source-map-support\source-map-support.js:521:25)
    at Module.m._compile (C:\Users\Peter\AppData\Local\Temp\ts-node-dev-hook-23687168740062348.js:69:33)
    at node:internal/modules/cjs/loader:1985:10
    at require.extensions..jsx.require.extensions..js (C:\Users\Peter\AppData\Local\Temp\ts-node-dev-hook-23687168740062348.js:114:20)
    at require.extensions.<computed> (C:\Users\Peter\AppData\Local\Temp\ts-node-dev-hook-23687168740062348.js:71:20)
[ERROR] 23:00:04 Error: listen EADDRINUSE: address already in use :::3000
[INFO] 23:00:13 Restarting: C:\Users\Peter\Desktop\SafeCommute\backend\src\services\encryption.service.ts has been modified
Error: listen EADDRINUSE: address already in use :::3000
    at Server.setupListenHandle [as _listen2] (node:net:2009:16)
    at listenInCluster (node:net:2066:12)
    at Server.listen (node:net:2171:7)
    at Object.<anonymous> (C:\Users\Peter\Desktop\SafeCommute\backend\src\app.ts:73:12)
    at Module.<anonymous> (node:internal/modules/cjs/loader:1854:14)
    at Module._compile (C:\Users\Peter\Desktop\SafeCommute\backend\node_modules\source-map-support\source-map-support.js:521:25)
    at Module.m._compile (C:\Users\Peter\AppData\Local\Temp\ts-node-dev-hook-23687168740062348.js:69:33)
    at node:internal/modules/cjs/loader:1985:10
    at require.extensions..jsx.require.extensions..js (C:\Users\Peter\AppData\Local\Temp\ts-node-dev-hook-23687168740062348.js:114:20)
    at require.extensions.<computed> (C:\Users\Peter\AppData\Local\Temp\ts-node-dev-hook-23687168740062348.js:71:20)
[ERROR] 23:00:20 Error: listen EADDRINUSE: address already in use :::3000
[INFO] 23:00:38 Restarting: C:\Users\Peter\Desktop\SafeCommute\backend\src\services\encryption.service.ts has been modified
Error: listen EADDRINUSE: address already in use :::3000
    at Server.setupListenHandle [as _listen2] (node:net:2009:16)
    at listenInCluster (node:net:2066:12)
    at Server.listen (node:net:2171:7)
    at Object.<anonymous> (C:\Users\Peter\Desktop\SafeCommute\backend\src\app.ts:73:12)
    at Module.<anonymous> (node:internal/modules/cjs/loader:1854:14)
    at Module._compile (C:\Users\Peter\Desktop\SafeCommute\backend\node_modules\source-map-support\source-map-support.js:521:25)
    at Module.m._compile (C:\Users\Peter\AppData\Local\Temp\ts-node-dev-hook-23687168740062348.js:69:33)
    at node:internal/modules/cjs/loader:1985:10
    at require.extensions..jsx.require.extensions..js (C:\Users\Peter\AppData\Local\Temp\ts-node-dev-hook-23687168740062348.js:114:20)
    at require.extensions.<computed> (C:\Users\Peter\AppData\Local\Temp\ts-node-dev-hook-23687168740062348.js:71:20)
[ERROR] 23:00:45 Error: listen EADDRINUSE: address already in use :::3000
[INFO] 23:00:51 Restarting: C:\Users\Peter\Desktop\SafeCommute\backend\src\services\encryption.service.ts has been modified
[32minfo[39m: SafeCommute backend running on port 3000 {"timestamp":"2026-06-22T22:00:58.234Z"}
Executing (default): DELETE FROM "trips" WHERE "expires_at" < '2026-06-22 22:00:58.224 +00:00'
Executing (default): DELETE FROM "contacts" WHERE "deleted_at" < '2026-06-15 22:01:00.996 +00:00'
Executing (default): DELETE FROM "audit_logs" WHERE "created_at" < '2026-05-23 22:01:01.141 +00:00'
[INFO] 23:54:25 Restarting: C:\Users\Peter\Desktop\SafeCommute\backend\src\utils\sanitize.ts has been modified
[32minfo[39m: SafeCommute backend running on port 3000 {"timestamp":"2026-06-22T22:54:36.955Z"}
Executing (default): DELETE FROM "trips" WHERE "expires_at" < '2026-06-22 22:54:36.940 +00:00'
Executing (default): DELETE FROM "contacts" WHERE "deleted_at" < '2026-06-15 22:54:39.498 +00:00'
Executing (default): DELETE FROM "audit_logs" WHERE "created_at" < '2026-05-23 22:54:39.643 +00:00'
[INFO] 23:54:40 Restarting: C:\Users\Peter\Desktop\SafeCommute\backend\src\routes\contacts.routes.ts has been modified
Error: listen EADDRINUSE: address already in use :::3000
    at Server.setupListenHandle [as _listen2] (node:net:2009:16)
    at listenInCluster (node:net:2066:12)
    at Server.listen (node:net:2171:7)
    at Object.<anonymous> (C:\Users\Peter\Desktop\SafeCommute\backend\src\app.ts:73:12)
    at Module.<anonymous> (node:internal/modules/cjs/loader:1854:14)
    at Module._compile (C:\Users\Peter\Desktop\SafeCommute\backend\node_modules\source-map-support\source-map-support.js:521:25)
    at Module.m._compile (C:\Users\Peter\AppData\Local\Temp\ts-node-dev-hook-23687168740062348.js:69:33)
    at node:internal/modules/cjs/loader:1985:10
    at require.extensions..jsx.require.extensions..js (C:\Users\Peter\AppData\Local\Temp\ts-node-dev-hook-23687168740062348.js:114:20)
    at require.extensions.<computed> (C:\Users\Peter\AppData\Local\Temp\ts-node-dev-hook-23687168740062348.js:71:20)
[ERROR] 23:54:48 Error: listen EADDRINUSE: address already in use :::3000
[INFO] 02:01:45 Restarting: C:\Users\Peter\Desktop\SafeCommute\backend\src\routes\index.ts has been modified
Error: listen EADDRINUSE: address already in use :::3000
    at Server.setupListenHandle [as _listen2] (node:net:2009:16)
    at listenInCluster (node:net:2066:12)
    at Server.listen (node:net:2171:7)
    at Object.<anonymous> (C:\Users\Peter\Desktop\SafeCommute\backend\src\app.ts:73:12)
    at Module.<anonymous> (node:internal/modules/cjs/loader:1854:14)
    at Module._compile (C:\Users\Peter\Desktop\SafeCommute\backend\node_modules\source-map-support\source-map-support.js:521:25)
    at Module.m._compile (C:\Users\Peter\AppData\Local\Temp\ts-node-dev-hook-23687168740062348.js:69:33)
    at node:internal/modules/cjs/loader:1985:10
    at require.extensions..jsx.require.extensions..js (C:\Users\Peter\AppData\Local\Temp\ts-node-dev-hook-23687168740062348.js:114:20)
    at require.extensions.<computed> (C:\Users\Peter\AppData\Local\Temp\ts-node-dev-hook-23687168740062348.js:71:20)
[ERROR] 02:01:52 Error: listen EADDRINUSE: address already in use :::3000

C:\Users\Peter\Desktop\SafeCommute\backend>